\BOOKMARK [0][-]{section*.1}{\376\377\000D\000e\000c\000l\000a\000r\000a\000t\000i\000o\000n\000\040\000o\000f\000\040\000A\000u\000t\000h\000o\000r\000s\000h\000i\000p}{}% 1
\BOOKMARK [0][-]{section*.2}{\376\377\000A\000b\000s\000t\000r\000a\000c\000t}{}% 2
\BOOKMARK [0][-]{section*.3}{\376\377\000A\000c\000k\000n\000o\000w\000l\000e\000d\000g\000e\000m\000e\000n\000t\000s}{}% 3
\BOOKMARK [0][-]{chapter.14}{\376\377\000T\000h\000e\000o\000r\000y}{}% 4
\BOOKMARK [1][-]{section.15}{\376\377\000M\000i\000c\000r\000o\000w\000a\000v\000e\000\040\000R\000e\000s\000o\000n\000a\000t\000o\000r\000s}{chapter.14}% 5
\BOOKMARK [2][-]{subsection.16}{\376\377\000W\000a\000v\000e\000g\000u\000i\000d\000e\000s}{section.15}% 6
\BOOKMARK [3][-]{section*.17}{\376\377\000G\000e\000n\000e\000r\000a\000l\000\040\000W\000a\000v\000e\000g\000u\000i\000d\000e}{subsection.16}% 7
\BOOKMARK [3][-]{section*.38}{\376\377\000R\000e\000c\000t\000a\000n\000g\000u\000l\000a\000r\000\040\000W\000a\000v\000e\000g\000u\000i\000d\000e}{subsection.16}% 8
\BOOKMARK [2][-]{subsection.80}{\376\377\000R\000e\000c\000t\000a\000n\000g\000u\000l\000a\000r\000\040\000W\000a\000v\000e\000g\000u\000i\000d\000e\000\040\000R\000e\000s\000o\000n\000a\000t\000o\000r\000s}{section.15}% 9
\BOOKMARK [2][-]{subsection.103}{\376\377\000C\000o\000u\000p\000l\000i\000n\000g\000\040\000t\000o\000\040\000a\000n\000d\000\040\000E\000x\000t\000e\000r\000n\000a\000l\000\040\000C\000i\000r\000c\000u\000i\000t}{section.15}% 10
\BOOKMARK [1][-]{section.119}{\376\377\000S\000u\000p\000e\000r\000c\000o\000n\000d\000u\000c\000t\000i\000n\000g\000\040\000Q\000u\000b\000i\000t\000s}{chapter.14}% 11
\BOOKMARK [2][-]{subsection.120}{\376\377\000S\000p\000i\000n\000\040\000h\000a\000l\000f\000\040\000q\000u\000b\000i\000t\000s}{section.119}% 12
\BOOKMARK [2][-]{subsection.121}{\376\377\000Q\000u\000a\000n\000t\000u\000m\000\040\000E\000l\000e\000c\000t\000r\000i\000c\000a\000l\000\040\000C\000i\000r\000c\000u\000i\000t\000s}{section.119}% 13
\BOOKMARK [3][-]{section*.122}{\376\377\000C\000l\000a\000s\000s\000i\000c\000a\000l\000\040\000L\000C\000\040\000o\000s\000c\000i\000l\000l\000a\000t\000o\000r}{subsection.121}% 14
\BOOKMARK [3][-]{section*.124}{\376\377\000Q\000u\000a\000n\000t\000u\000m\000\040\000L\000C\000\040\000o\000s\000c\000i\000l\000l\000a\000t\000o\000r}{subsection.121}% 15
\BOOKMARK [3][-]{section*.135}{\376\377\000N\000o\000n\000l\000i\000n\000e\000a\000r\000\040\000H\000a\000r\000m\000o\000n\000i\000c\000\040\000O\000s\000c\000i\000l\000l\000a\000t\000o\000r}{subsection.121}% 16
\BOOKMARK [2][-]{subsection.138}{\376\377\000T\000h\000e\000\040\000J\000o\000s\000e\000p\000h\000s\000o\000n\000\040\000J\000u\000n\000c\000t\000i\000o\000n}{section.119}% 17
\BOOKMARK [2][-]{subsection.145}{\376\377\000T\000h\000e\000\040\000C\000o\000o\000p\000e\000r\000\040\000P\000a\000i\000r\000\040\000B\000o\000x}{section.119}% 18
\BOOKMARK [0][-]{chapter.146}{\376\377\000C\000h\000a\000p\000t\000e\000r\000\040\000T\000i\000t\000l\000e\000\040\000H\000e\000r\000e}{}% 19
\BOOKMARK [1][-]{section.147}{\376\377\000W\000e\000l\000c\000o\000m\000e\000\040\000a\000n\000d\000\040\000T\000h\000a\000n\000k\000\040\000Y\000o\000u}{chapter.146}% 20
\BOOKMARK [1][-]{section.148}{\376\377\000L\000e\000a\000r\000n\000i\000n\000g\000\040\000L\000a\000T\000e\000X}{chapter.146}% 21
\BOOKMARK [2][-]{subsection.149}{\376\377\000A\000\040\000\050\000n\000o\000t\000\040\000s\000o\000\040\000s\000h\000o\000r\000t\000\051\000\040\000I\000n\000t\000r\000o\000d\000u\000c\000t\000i\000o\000n\000\040\000t\000o\000\040\000L\000a\000T\000e\000X}{section.148}% 22
\BOOKMARK [2][-]{subsection.150}{\376\377\000A\000\040\000S\000h\000o\000r\000t\000\040\000M\000a\000t\000h\000\040\000G\000u\000i\000d\000e\000\040\000f\000o\000r\000\040\000L\000a\000T\000e\000X}{section.148}% 23
\BOOKMARK [2][-]{subsection.151}{\376\377\000C\000o\000m\000m\000o\000n\000\040\000L\000a\000T\000e\000X\000\040\000M\000a\000t\000h\000\040\000S\000y\000m\000b\000o\000l\000s}{section.148}% 24
\BOOKMARK [2][-]{subsection.152}{\376\377\000L\000a\000T\000e\000X\000\040\000o\000n\000\040\000a\000\040\000M\000a\000c}{section.148}% 25
\BOOKMARK [1][-]{section.153}{\376\377\000G\000e\000t\000t\000i\000n\000g\000\040\000S\000t\000a\000r\000t\000e\000d\000\040\000w\000i\000t\000h\000\040\000t\000h\000i\000s\000\040\000T\000e\000m\000p\000l\000a\000t\000e}{chapter.146}% 26
\BOOKMARK [2][-]{subsection.154}{\376\377\000A\000b\000o\000u\000t\000\040\000t\000h\000i\000s\000\040\000T\000e\000m\000p\000l\000a\000t\000e}{section.153}% 27
\BOOKMARK [1][-]{section.155}{\376\377\000W\000h\000a\000t\000\040\000t\000h\000i\000s\000\040\000T\000e\000m\000p\000l\000a\000t\000e\000\040\000I\000n\000c\000l\000u\000d\000e\000s}{chapter.146}% 28
\BOOKMARK [2][-]{subsection.156}{\376\377\000F\000o\000l\000d\000e\000r\000s}{section.155}% 29
\BOOKMARK [2][-]{subsection.157}{\376\377\000F\000i\000l\000e\000s}{section.155}% 30
\BOOKMARK [1][-]{section.158}{\376\377\000F\000i\000l\000l\000i\000n\000g\000\040\000i\000n\000\040\000Y\000o\000u\000r\000\040\000I\000n\000f\000o\000r\000m\000a\000t\000i\000o\000n\000\040\000i\000n\000\040\000t\000h\000e\000\040\000m\000a\000i\000n\000.\000t\000e\000x\000\040\000F\000i\000l\000e}{chapter.146}% 31
\BOOKMARK [1][-]{section.159}{\376\377\000T\000h\000e\000\040\000m\000a\000i\000n\000.\000t\000e\000x\000\040\000F\000i\000l\000e\000\040\000E\000x\000p\000l\000a\000i\000n\000e\000d}{chapter.146}% 32
\BOOKMARK [1][-]{section.160}{\376\377\000T\000h\000e\000s\000i\000s\000\040\000F\000e\000a\000t\000u\000r\000e\000s\000\040\000a\000n\000d\000\040\000C\000o\000n\000v\000e\000n\000t\000i\000o\000n\000s}{chapter.146}% 33
\BOOKMARK [2][-]{subsection.161}{\376\377\000P\000r\000i\000n\000t\000i\000n\000g\000\040\000F\000o\000r\000m\000a\000t}{section.160}% 34
\BOOKMARK [2][-]{subsection.162}{\376\377\000U\000s\000i\000n\000g\000\040\000U\000S\000\040\000L\000e\000t\000t\000e\000r\000\040\000P\000a\000p\000e\000r}{section.160}% 35
\BOOKMARK [2][-]{subsection.163}{\376\377\000R\000e\000f\000e\000r\000e\000n\000c\000e\000s}{section.160}% 36
\BOOKMARK [3][-]{section*.165}{\376\377\000A\000\040\000N\000o\000t\000e\000\040\000o\000n\000\040\000b\000i\000b\000t\000e\000x}{subsection.163}% 37
\BOOKMARK [2][-]{subsection.166}{\376\377\000T\000a\000b\000l\000e\000s}{section.160}% 38
\BOOKMARK [2][-]{subsection.168}{\376\377\000F\000i\000g\000u\000r\000e\000s}{section.160}% 39
\BOOKMARK [2][-]{subsection.170}{\376\377\000T\000y\000p\000e\000s\000e\000t\000t\000i\000n\000g\000\040\000m\000a\000t\000h\000e\000m\000a\000t\000i\000c\000s}{section.160}% 40
\BOOKMARK [1][-]{section.172}{\376\377\000S\000e\000c\000t\000i\000o\000n\000i\000n\000g\000\040\000a\000n\000d\000\040\000S\000u\000b\000s\000e\000c\000t\000i\000o\000n\000i\000n\000g}{chapter.146}% 41
\BOOKMARK [1][-]{section.173}{\376\377\000I\000n\000\040\000C\000l\000o\000s\000i\000n\000g}{chapter.146}% 42
\BOOKMARK [0][-]{appendix.174}{\376\377\000F\000r\000e\000q\000u\000e\000n\000t\000l\000y\000\040\000A\000s\000k\000e\000d\000\040\000Q\000u\000e\000s\000t\000i\000o\000n\000s}{}% 43
\BOOKMARK [1][-]{section.175}{\376\377\000H\000o\000w\000\040\000d\000o\000\040\000I\000\040\000c\000h\000a\000n\000g\000e\000\040\000t\000h\000e\000\040\000c\000o\000l\000o\000r\000s\000\040\000o\000f\000\040\000l\000i\000n\000k\000s\000?}{appendix.174}% 44
\BOOKMARK [0][-]{appendix*.176}{\376\377\000B\000i\000b\000l\000i\000o\000g\000r\000a\000p\000h\000y}{}% 45
